  BlueGhost.cpp
E:\Studia\biblioteki\SFML-3.0.0\include\SFML\System\Exception.hpp(41,47): warning C4275: interfejs niebędący interfejsem dll class "std::runtime_error"użyto jako podstawowego dla interfejsu biblioteki dll class "sf::Exception"
C:\Program Files\Microsoft Visual Studio\2022\Enterprise\VC\Tools\MSVC\14.37.32822\include\stdexcept(101,19): message : zobacz deklarację „std::runtime_error”
E:\Studia\biblioteki\SFML-3.0.0\include\SFML\System\Exception.hpp(41,23): message : zobacz deklarację „sf::Exception”
E:\Studia\PK\PacMan\PacMan\include\Ghost.h(24,124): warning C4244: "argument": konwersja z "int" do "T", możliwa utrata danych
          with
          [
              T=float
          ]
E:\Studia\PK\PacMan\PacMan\include\Ghost.h(24,71): warning C4244: "argument": konwersja z "int" do "T", możliwa utrata danych
          with
          [
              T=float
          ]
E:\Studia\PK\PacMan\PacMan\src\BlueGhost.cpp(13,111): warning C4244: "argument": konwersja z "int" do "T", możliwa utrata danych
          with
          [
              T=float
          ]
E:\Studia\PK\PacMan\PacMan\src\BlueGhost.cpp(13,58): warning C4244: "argument": konwersja z "int" do "T", możliwa utrata danych
          with
          [
              T=float
          ]
E:\Studia\PK\PacMan\PacMan\src\BlueGhost.cpp(23,38): warning C4244: "argument": konwersja z "int" do "T", możliwa utrata danych
          with
          [
              T=float
          ]
E:\Studia\PK\PacMan\PacMan\src\BlueGhost.cpp(22,59): warning C4244: "argument": konwersja z "int" do "T", możliwa utrata danych
          with
          [
              T=float
          ]
E:\Studia\PK\PacMan\PacMan\src\BlueGhost.cpp(46,42): warning C4244: "argument": konwersja z "int" do "T", możliwa utrata danych
          with
          [
              T=float
          ]
E:\Studia\PK\PacMan\PacMan\src\BlueGhost.cpp(45,62): warning C4244: "argument": konwersja z "int" do "T", możliwa utrata danych
          with
          [
              T=float
          ]
E:\Studia\PK\PacMan\PacMan\src\BlueGhost.cpp(58,55): warning C4244: "=": konwersja z "int" do "T", możliwa utrata danych
          with
          [
              T=float
          ]
E:\Studia\PK\PacMan\PacMan\src\BlueGhost.cpp(62,55): warning C4244: "=": konwersja z "int" do "T", możliwa utrata danych
          with
          [
              T=float
          ]
E:\Studia\PK\PacMan\PacMan\src\BlueGhost.cpp(94,63): warning C4267: "argument": konwersja z "size_t" do "_Ty", możliwa utrata danych
          with
          [
              _Ty=int
          ]
  Board.cpp
E:\Studia\biblioteki\SFML-3.0.0\include\SFML\System\Exception.hpp(41,47): warning C4275: interfejs niebędący interfejsem dll class "std::runtime_error"użyto jako podstawowego dla interfejsu biblioteki dll class "sf::Exception"
C:\Program Files\Microsoft Visual Studio\2022\Enterprise\VC\Tools\MSVC\14.37.32822\include\stdexcept(101,19): message : zobacz deklarację „std::runtime_error”
E:\Studia\biblioteki\SFML-3.0.0\include\SFML\System\Exception.hpp(41,23): message : zobacz deklarację „sf::Exception”
E:\Studia\PK\PacMan\PacMan\src\Board.cpp(65,69): warning C4244: "argument": konwersja z "int" do "T", możliwa utrata danych
          with
          [
              T=float
          ]
E:\Studia\PK\PacMan\PacMan\src\Board.cpp(65,54): warning C4244: "argument": konwersja z "int" do "T", możliwa utrata danych
          with
          [
              T=float
          ]
E:\Studia\PK\PacMan\PacMan\src\Board.cpp(69,96): warning C4244: "argument": konwersja z "int" do "T", możliwa utrata danych
          with
          [
              T=float
          ]
E:\Studia\PK\PacMan\PacMan\src\Board.cpp(69,65): warning C4244: "argument": konwersja z "int" do "T", możliwa utrata danych
          with
          [
              T=float
          ]
E:\Studia\PK\PacMan\PacMan\src\Board.cpp(73,63): warning C4244: "argument": konwersja z "int" do "T", możliwa utrata danych
          with
          [
              T=float
          ]
E:\Studia\PK\PacMan\PacMan\src\Board.cpp(73,48): warning C4244: "argument": konwersja z "int" do "T", możliwa utrata danych
          with
          [
              T=float
          ]
E:\Studia\PK\PacMan\PacMan\src\Board.cpp(77,73): warning C4244: "argument": konwersja z "int" do "T", możliwa utrata danych
          with
          [
              T=float
          ]
E:\Studia\PK\PacMan\PacMan\src\Board.cpp(77,58): warning C4244: "argument": konwersja z "int" do "T", możliwa utrata danych
          with
          [
              T=float
          ]
E:\Studia\PK\PacMan\PacMan\src\Board.cpp(81,73): warning C4244: "argument": konwersja z "int" do "T", możliwa utrata danych
          with
          [
              T=float
          ]
E:\Studia\PK\PacMan\PacMan\src\Board.cpp(81,58): warning C4244: "argument": konwersja z "int" do "T", możliwa utrata danych
          with
          [
              T=float
          ]
  Character.cpp
E:\Studia\biblioteki\SFML-3.0.0\include\SFML\System\Exception.hpp(41,47): warning C4275: interfejs niebędący interfejsem dll class "std::runtime_error"użyto jako podstawowego dla interfejsu biblioteki dll class "sf::Exception"
C:\Program Files\Microsoft Visual Studio\2022\Enterprise\VC\Tools\MSVC\14.37.32822\include\stdexcept(101,19): message : zobacz deklarację „std::runtime_error”
E:\Studia\biblioteki\SFML-3.0.0\include\SFML\System\Exception.hpp(41,23): message : zobacz deklarację „sf::Exception”
  Ghost.cpp
E:\Studia\biblioteki\SFML-3.0.0\include\SFML\System\Exception.hpp(41,47): warning C4275: interfejs niebędący interfejsem dll class "std::runtime_error"użyto jako podstawowego dla interfejsu biblioteki dll class "sf::Exception"
C:\Program Files\Microsoft Visual Studio\2022\Enterprise\VC\Tools\MSVC\14.37.32822\include\stdexcept(101,19): message : zobacz deklarację „std::runtime_error”
E:\Studia\biblioteki\SFML-3.0.0\include\SFML\System\Exception.hpp(41,23): message : zobacz deklarację „sf::Exception”
E:\Studia\PK\PacMan\PacMan\include\Ghost.h(24,124): warning C4244: "argument": konwersja z "int" do "T", możliwa utrata danych
          with
          [
              T=float
          ]
E:\Studia\PK\PacMan\PacMan\include\Ghost.h(24,71): warning C4244: "argument": konwersja z "int" do "T", możliwa utrata danych
          with
          [
              T=float
          ]
  OrangeGhost.cpp
E:\Studia\biblioteki\SFML-3.0.0\include\SFML\System\Exception.hpp(41,47): warning C4275: interfejs niebędący interfejsem dll class "std::runtime_error"użyto jako podstawowego dla interfejsu biblioteki dll class "sf::Exception"
C:\Program Files\Microsoft Visual Studio\2022\Enterprise\VC\Tools\MSVC\14.37.32822\include\stdexcept(101,19): message : zobacz deklarację „std::runtime_error”
E:\Studia\biblioteki\SFML-3.0.0\include\SFML\System\Exception.hpp(41,23): message : zobacz deklarację „sf::Exception”
E:\Studia\PK\PacMan\PacMan\include\Ghost.h(24,124): warning C4244: "argument": konwersja z "int" do "T", możliwa utrata danych
          with
          [
              T=float
          ]
E:\Studia\PK\PacMan\PacMan\include\Ghost.h(24,71): warning C4244: "argument": konwersja z "int" do "T", możliwa utrata danych
          with
          [
              T=float
          ]
E:\Studia\PK\PacMan\PacMan\src\OrangeGhost.cpp(14,111): warning C4244: "argument": konwersja z "int" do "T", możliwa utrata danych
          with
          [
              T=float
          ]
E:\Studia\PK\PacMan\PacMan\src\OrangeGhost.cpp(14,58): warning C4244: "argument": konwersja z "int" do "T", możliwa utrata danych
          with
          [
              T=float
          ]
E:\Studia\PK\PacMan\PacMan\src\OrangeGhost.cpp(26,38): warning C4244: "argument": konwersja z "int" do "T", możliwa utrata danych
          with
          [
              T=float
          ]
E:\Studia\PK\PacMan\PacMan\src\OrangeGhost.cpp(25,59): warning C4244: "argument": konwersja z "int" do "T", możliwa utrata danych
          with
          [
              T=float
          ]
E:\Studia\PK\PacMan\PacMan\src\OrangeGhost.cpp(47,42): warning C4244: "argument": konwersja z "int" do "T", możliwa utrata danych
          with
          [
              T=float
          ]
E:\Studia\PK\PacMan\PacMan\src\OrangeGhost.cpp(46,62): warning C4244: "argument": konwersja z "int" do "T", możliwa utrata danych
          with
          [
              T=float
          ]
E:\Studia\PK\PacMan\PacMan\src\OrangeGhost.cpp(60,55): warning C4244: "=": konwersja z "int" do "T", możliwa utrata danych
          with
          [
              T=float
          ]
E:\Studia\PK\PacMan\PacMan\src\OrangeGhost.cpp(64,55): warning C4244: "=": konwersja z "int" do "T", możliwa utrata danych
          with
          [
              T=float
          ]
E:\Studia\PK\PacMan\PacMan\src\OrangeGhost.cpp(92,63): warning C4267: "argument": konwersja z "size_t" do "_Ty", możliwa utrata danych
          with
          [
              _Ty=int
          ]
  PacMan.cpp
E:\Studia\biblioteki\SFML-3.0.0\include\SFML\System\Exception.hpp(41,47): warning C4275: interfejs niebędący interfejsem dll class "std::runtime_error"użyto jako podstawowego dla interfejsu biblioteki dll class "sf::Exception"
C:\Program Files\Microsoft Visual Studio\2022\Enterprise\VC\Tools\MSVC\14.37.32822\include\stdexcept(101,19): message : zobacz deklarację „std::runtime_error”
E:\Studia\biblioteki\SFML-3.0.0\include\SFML\System\Exception.hpp(41,23): message : zobacz deklarację „sf::Exception”
E:\Studia\PK\PacMan\PacMan\include\Ghost.h(24,124): warning C4244: "argument": konwersja z "int" do "T", możliwa utrata danych
          with
          [
              T=float
          ]
E:\Studia\PK\PacMan\PacMan\include\Ghost.h(24,71): warning C4244: "argument": konwersja z "int" do "T", możliwa utrata danych
          with
          [
              T=float
          ]
  PinkGhost.cpp
E:\Studia\biblioteki\SFML-3.0.0\include\SFML\System\Exception.hpp(41,47): warning C4275: interfejs niebędący interfejsem dll class "std::runtime_error"użyto jako podstawowego dla interfejsu biblioteki dll class "sf::Exception"
C:\Program Files\Microsoft Visual Studio\2022\Enterprise\VC\Tools\MSVC\14.37.32822\include\stdexcept(101,19): message : zobacz deklarację „std::runtime_error”
E:\Studia\biblioteki\SFML-3.0.0\include\SFML\System\Exception.hpp(41,23): message : zobacz deklarację „sf::Exception”
E:\Studia\PK\PacMan\PacMan\include\Ghost.h(24,124): warning C4244: "argument": konwersja z "int" do "T", możliwa utrata danych
          with
          [
              T=float
          ]
E:\Studia\PK\PacMan\PacMan\include\Ghost.h(24,71): warning C4244: "argument": konwersja z "int" do "T", możliwa utrata danych
          with
          [
              T=float
          ]
E:\Studia\PK\PacMan\PacMan\src\PinkGhost.cpp(13,111): warning C4244: "argument": konwersja z "int" do "T", możliwa utrata danych
          with
          [
              T=float
          ]
E:\Studia\PK\PacMan\PacMan\src\PinkGhost.cpp(13,58): warning C4244: "argument": konwersja z "int" do "T", możliwa utrata danych
          with
          [
              T=float
          ]
E:\Studia\PK\PacMan\PacMan\src\PinkGhost.cpp(23,38): warning C4244: "argument": konwersja z "int" do "T", możliwa utrata danych
          with
          [
              T=float
          ]
E:\Studia\PK\PacMan\PacMan\src\PinkGhost.cpp(22,59): warning C4244: "argument": konwersja z "int" do "T", możliwa utrata danych
          with
          [
              T=float
          ]
E:\Studia\PK\PacMan\PacMan\src\PinkGhost.cpp(45,42): warning C4244: "argument": konwersja z "int" do "T", możliwa utrata danych
          with
          [
              T=float
          ]
E:\Studia\PK\PacMan\PacMan\src\PinkGhost.cpp(44,62): warning C4244: "argument": konwersja z "int" do "T", możliwa utrata danych
          with
          [
              T=float
          ]
E:\Studia\PK\PacMan\PacMan\src\PinkGhost.cpp(58,55): warning C4244: "=": konwersja z "int" do "T", możliwa utrata danych
          with
          [
              T=float
          ]
E:\Studia\PK\PacMan\PacMan\src\PinkGhost.cpp(62,55): warning C4244: "=": konwersja z "int" do "T", możliwa utrata danych
          with
          [
              T=float
          ]
  RedGhost.cpp
E:\Studia\biblioteki\SFML-3.0.0\include\SFML\System\Exception.hpp(41,47): warning C4275: interfejs niebędący interfejsem dll class "std::runtime_error"użyto jako podstawowego dla interfejsu biblioteki dll class "sf::Exception"
C:\Program Files\Microsoft Visual Studio\2022\Enterprise\VC\Tools\MSVC\14.37.32822\include\stdexcept(101,19): message : zobacz deklarację „std::runtime_error”
E:\Studia\biblioteki\SFML-3.0.0\include\SFML\System\Exception.hpp(41,23): message : zobacz deklarację „sf::Exception”
E:\Studia\PK\PacMan\PacMan\include\Ghost.h(24,124): warning C4244: "argument": konwersja z "int" do "T", możliwa utrata danych
          with
          [
              T=float
          ]
E:\Studia\PK\PacMan\PacMan\include\Ghost.h(24,71): warning C4244: "argument": konwersja z "int" do "T", możliwa utrata danych
          with
          [
              T=float
          ]
E:\Studia\PK\PacMan\PacMan\src\RedGhost.cpp(14,111): warning C4244: "argument": konwersja z "int" do "T", możliwa utrata danych
          with
          [
              T=float
          ]
E:\Studia\PK\PacMan\PacMan\src\RedGhost.cpp(14,58): warning C4244: "argument": konwersja z "int" do "T", możliwa utrata danych
          with
          [
              T=float
          ]
E:\Studia\PK\PacMan\PacMan\src\RedGhost.cpp(29,38): warning C4244: "argument": konwersja z "int" do "T", możliwa utrata danych
          with
          [
              T=float
          ]
E:\Studia\PK\PacMan\PacMan\src\RedGhost.cpp(28,59): warning C4244: "argument": konwersja z "int" do "T", możliwa utrata danych
          with
          [
              T=float
          ]
E:\Studia\PK\PacMan\PacMan\src\RedGhost.cpp(53,42): warning C4244: "argument": konwersja z "int" do "T", możliwa utrata danych
          with
          [
              T=float
          ]
E:\Studia\PK\PacMan\PacMan\src\RedGhost.cpp(52,42): warning C4244: "argument": konwersja z "int" do "T", możliwa utrata danych
          with
          [
              T=float
          ]
E:\Studia\PK\PacMan\PacMan\src\RedGhost.cpp(64,55): warning C4244: "=": konwersja z "int" do "T", możliwa utrata danych
          with
          [
              T=float
          ]
E:\Studia\PK\PacMan\PacMan\src\RedGhost.cpp(68,55): warning C4244: "=": konwersja z "int" do "T", możliwa utrata danych
          with
          [
              T=float
          ]
E:\Studia\PK\PacMan\PacMan\src\RedGhost.cpp(98,63): warning C4267: "argument": konwersja z "size_t" do "_Ty", możliwa utrata danych
          with
          [
              _Ty=int
          ]
  YellowGuy.cpp
E:\Studia\biblioteki\SFML-3.0.0\include\SFML\System\Exception.hpp(41,47): warning C4275: interfejs niebędący interfejsem dll class "std::runtime_error"użyto jako podstawowego dla interfejsu biblioteki dll class "sf::Exception"
C:\Program Files\Microsoft Visual Studio\2022\Enterprise\VC\Tools\MSVC\14.37.32822\include\stdexcept(101,19): message : zobacz deklarację „std::runtime_error”
E:\Studia\biblioteki\SFML-3.0.0\include\SFML\System\Exception.hpp(41,23): message : zobacz deklarację „sf::Exception”
E:\Studia\PK\PacMan\PacMan\src\YellowGuy.cpp(13,112): warning C4244: "argument": konwersja z "int" do "T", możliwa utrata danych
          with
          [
              T=float
          ]
E:\Studia\PK\PacMan\PacMan\src\YellowGuy.cpp(13,59): warning C4244: "argument": konwersja z "int" do "T", możliwa utrata danych
          with
          [
              T=float
          ]
E:\Studia\PK\PacMan\PacMan\src\YellowGuy.cpp(67,125): warning C4244: "argument": konwersja z "int" do "T", możliwa utrata danych
          with
          [
              T=float
          ]
E:\Studia\PK\PacMan\PacMan\src\YellowGuy.cpp(67,72): warning C4244: "argument": konwersja z "int" do "T", możliwa utrata danych
          with
          [
              T=float
          ]
E:\Studia\PK\PacMan\PacMan\src\YellowGuy.cpp(72,54): warning C4244: "=": konwersja z "int" do "T", możliwa utrata danych
          with
          [
              T=float
          ]
E:\Studia\PK\PacMan\PacMan\src\YellowGuy.cpp(76,54): warning C4244: "=": konwersja z "int" do "T", możliwa utrata danych
          with
          [
              T=float
          ]
  Trwa generowanie kodu
  36 of 900 functions ( 4.0%) were compiled, the rest were copied from previous compilation.
    0 functions were new in current compilation
    4 functions had inline decision re-evaluated but remain unchanged
  Zakończono generowanie kodu
  PacMan.vcxproj -> E:\Studia\PK\PacMan\x64\Release\PacMan.exe
